<?xml version="1.0" encoding="UTF-8"?>
<!-- Generated by org.testng.reporters.JUnitReportReporter -->
<testsuite hostname="sashas_pc" failures="0" tests="6" name="com.tat.barannik.hw10.IsPositiveOrNegativeTest" time="0.027" errors="0" timestamp="10 Jun 2018 20:27:53 GMT">
  <testcase classname="com.tat.barannik.hw10.IsPositiveOrNegativeTest" name="testIsPositive" time="0.015"/>
  <testcase classname="com.tat.barannik.hw10.IsPositiveOrNegativeTest" name="testIsNegative" time="0.006"/>
  <testcase classname="com.tat.barannik.hw10.IsPositiveOrNegativeTest" name="testIsPositive" time="0.001"/>
  <testcase classname="com.tat.barannik.hw10.IsPositiveOrNegativeTest" name="testIsNegative" time="0.002"/>
  <testcase classname="com.tat.barannik.hw10.IsPositiveOrNegativeTest" name="testIsNegative" time="0.002"/>
  <testcase classname="com.tat.barannik.hw10.IsPositiveOrNegativeTest" name="testIsPositive" time="0.001"/>
</testsuite> <!-- com.tat.barannik.hw10.IsPositiveOrNegativeTest -->
