<?xml version="1.0" encoding="UTF-8"?>
<!-- Generated by org.testng.reporters.JUnitReportReporter -->
<testsuite hostname="DESKTOP-JI7ISC5" failures="0" tests="1" name="gmail.com.tests.GmailTest" time="14.585" errors="0" timestamp="26 Aug 2018 17:23:02 GMT">
  <testcase classname="gmail.com.tests.GmailTest" name="testEmailWasDelivered" time="14.585"/>
</testsuite> <!-- gmail.com.tests.GmailTest -->
