<?xml version="1.0" encoding="UTF-8"?>
<!-- Generated by org.testng.reporters.JUnitReportReporter -->
<testsuite hostname="sashas_pc" failures="0" tests="5" name="com.tat.barannik.hw13.ActionsTest" time="24.363" errors="0" timestamp="10 Jun 2018 20:27:53 GMT">
  <testcase classname="com.tat.barannik.hw13.ActionsTest" name="testTooltip" time="3.184"/>
  <testcase classname="com.tat.barannik.hw13.ActionsTest" name="testSelectMenu" time="7.528"/>
  <testcase classname="com.tat.barannik.hw13.ActionsTest" name="testCheckBoxRadio" time="5.857"/>
  <testcase classname="com.tat.barannik.hw13.ActionsTest" name="testDragAndDropSmallSquare" time="3.987"/>
  <testcase classname="com.tat.barannik.hw13.ActionsTest" name="testsetSix" time="3.807"/>
</testsuite> <!-- com.tat.barannik.hw13.ActionsTest -->
